[debug] [2021-11-15T05:16:37.051Z] ----------------------------------------------------------------------
[debug] [2021-11-15T05:16:37.060Z] Command:       C:\Program Files\nodejs\node.exe C:\Users\eiasi\AppData\Roaming\npm\node_modules\firebase-tools\lib\bin\firebase.js init
[debug] [2021-11-15T05:16:37.063Z] CLI Version:   9.22.0
[debug] [2021-11-15T05:16:37.063Z] Platform:      win32
[debug] [2021-11-15T05:16:37.064Z] Node Version:  v16.13.0
[debug] [2021-11-15T05:16:37.066Z] Time:          Mon Nov 15 2021 11:16:37 GMT+0600 (Bangladesh Standard Time)
[debug] [2021-11-15T05:16:37.067Z] ----------------------------------------------------------------------
[debug] 
[debug] [2021-11-15T05:16:37.364Z] > command requires scopes: ["email","openid","https://www.googleapis.com/auth/cloudplatformprojects.readonly","https://www.googleapis.com/auth/firebase","https://www.googleapis.com/auth/cloud-platform"]
[debug] [2021-11-15T05:16:37.366Z] > authorizing via signed-in user (eiasin440@gmail.com)
[info] 
     ######## #### ########  ######## ########     ###     ######  ########
     ##        ##  ##     ## ##       ##     ##  ##   ##  ##       ##
     ######    ##  ########  ######   ########  #########  ######  ######
     ##        ##  ##    ##  ##       ##     ## ##     ##       ## ##
     ##       #### ##     ## ######## ########  ##     ##  ######  ########

You're about to initialize a Firebase project in this directory:

  C:\Project\A12\worldclass-cars

Before we get started, keep in mind:

  * You are currently outside your home directory
  * You are initializing within an existing Firebase project directory

